0 info it worked if it ends with ok
1 verbose cli [ '/usr/bin/nodejs', '/usr/bin/npm', 'shrinkwrap' ]
2 info using npm@3.10.8
3 info using node@v6.9.0
4 info lifecycle shrinkwrap-fail@1.0.0~preshrinkwrap: shrinkwrap-fail@1.0.0
5 silly lifecycle shrinkwrap-fail@1.0.0~preshrinkwrap: no script for preshrinkwrap, continuing
6 warn shrinkwrap Excluding devDependency: /shrinkwarp
7 info lifecycle shrinkwrap-fail@1.0.0~shrinkwrap: shrinkwrap-fail@1.0.0
8 silly lifecycle shrinkwrap-fail@1.0.0~shrinkwrap: no script for shrinkwrap, continuing
9 info lifecycle shrinkwrap-fail@1.0.0~postshrinkwrap: shrinkwrap-fail@1.0.0
10 verbose lifecycle shrinkwrap-fail@1.0.0~postshrinkwrap: unsafe-perm in lifecycle true
11 verbose lifecycle shrinkwrap-fail@1.0.0~postshrinkwrap: PATH: /usr/lib/node_modules/npm/bin/node-gyp-bin:/home/graingert/projects/shrinkwrap-fail/node_modules/node_modules/.bin:/home/graingert/.virtualenvs/docker/bin:/home/graingert/.rbenv/shims:/home/graingert/.rbenv/bin:/home/graingert/.bin:/home/graingert/.npm-packages/bin:/home/graingert/projects/git-cinnabar:/usr/local/heroku/bin:/home/graingert/.local/share/umake/bin:/usr/local/bin:/usr/local/sbin:/home/graingert/.local/share/umake/bin:/usr/sbin:/usr/bin:/sbin:/bin:/usr/games:/usr/local/games:/snap/bin:/home/graingert/.rvm/bin:/home/graingert/gopath/bin
12 verbose lifecycle shrinkwrap-fail@1.0.0~postshrinkwrap: CWD: /home/graingert/projects/shrinkwrap-fail/node_modules
13 silly lifecycle shrinkwrap-fail@1.0.0~postshrinkwrap: Args: [ '-c', 'shrinkwarp --ignore fsevents' ]
14 info lifecycle shrinkwrap-fail@1.0.0~postshrinkwrap: Failed to exec postshrinkwrap script
15 verbose stack Error: shrinkwrap-fail@1.0.0 postshrinkwrap: `shrinkwarp --ignore fsevents`
15 verbose stack spawn ENOENT
15 verbose stack     at ChildProcess.<anonymous> (/usr/lib/node_modules/npm/lib/utils/spawn.js:33:16)
15 verbose stack     at emitTwo (events.js:106:13)
15 verbose stack     at ChildProcess.emit (events.js:191:7)
15 verbose stack     at maybeClose (internal/child_process.js:877:16)
15 verbose stack     at Process.ChildProcess._handle.onexit (internal/child_process.js:226:5)
16 verbose pkgid shrinkwrap-fail@1.0.0
17 verbose cwd /home/graingert/projects/shrinkwrap-fail
18 error Linux 4.8.0-22-generic
19 error argv "/usr/bin/nodejs" "/usr/bin/npm" "shrinkwrap"
20 error node v6.9.0
21 error npm  v3.10.8
22 error file sh
23 error code ELIFECYCLE
24 error errno ENOENT
25 error syscall spawn
26 error shrinkwrap-fail@1.0.0 postshrinkwrap: `shrinkwarp --ignore fsevents`
26 error spawn ENOENT
27 error Failed at the shrinkwrap-fail@1.0.0 postshrinkwrap script 'shrinkwarp --ignore fsevents'.
27 error Make sure you have the latest version of node.js and npm installed.
27 error If you do, this is most likely a problem with the shrinkwrap-fail package,
27 error not with npm itself.
27 error Tell the author that this fails on your system:
27 error     shrinkwarp --ignore fsevents
27 error You can get information on how to open an issue for this project with:
27 error     npm bugs shrinkwrap-fail
27 error Or if that isn't available, you can get their info via:
27 error     npm owner ls shrinkwrap-fail
27 error There is likely additional logging output above.
28 verbose exit [ 1, true ]
